2023-04-11 14:43:10,589 INFO o.a.j.u.JMeterUtils: Setting Locale to en_EN
2023-04-11 14:43:10,649 INFO o.a.j.JMeter: Loading user properties from: user.properties
2023-04-11 14:43:10,650 INFO o.a.j.JMeter: Loading system properties from: system.properties
2023-04-11 14:43:10,664 INFO o.a.j.JMeter: Copyright (c) 1998-2022 The Apache Software Foundation
2023-04-11 14:43:10,664 INFO o.a.j.JMeter: Version 5.5
2023-04-11 14:43:10,664 INFO o.a.j.JMeter: java.version=17.0.6
2023-04-11 14:43:10,665 INFO o.a.j.JMeter: java.vm.name=Java HotSpot(TM) 64-Bit Server VM
2023-04-11 14:43:10,665 INFO o.a.j.JMeter: os.name=Windows 10
2023-04-11 14:43:10,665 INFO o.a.j.JMeter: os.arch=amd64
2023-04-11 14:43:10,665 INFO o.a.j.JMeter: os.version=10.0
2023-04-11 14:43:10,665 INFO o.a.j.JMeter: file.encoding=Cp1252
2023-04-11 14:43:10,665 INFO o.a.j.JMeter: java.awt.headless=true
2023-04-11 14:43:10,665 INFO o.a.j.JMeter: Max memory     =1073741824
2023-04-11 14:43:10,665 INFO o.a.j.JMeter: Available Processors =4
2023-04-11 14:43:10,680 INFO o.a.j.JMeter: Default Locale=English (EN)
2023-04-11 14:43:10,680 INFO o.a.j.JMeter: JMeter  Locale=English (EN)
2023-04-11 14:43:10,680 INFO o.a.j.JMeter: JMeterHome=F:\New_Version\apache-jmeter-5.5
2023-04-11 14:43:10,680 INFO o.a.j.JMeter: user.dir  =F:\New_Version\apache-jmeter-5.5\bin
2023-04-11 14:43:10,682 INFO o.a.j.JMeter: PWD       =F:\New_Version\apache-jmeter-5.5\bin
2023-04-11 14:43:10,685 INFO o.a.j.JMeter: IP: 192.168.0.103 Name: DESKTOP-90O1LSF FullName: DESKTOP-90O1LSF
2023-04-11 14:43:10,706 INFO o.a.j.s.FileServer: Default base='F:\New_Version\apache-jmeter-5.5\bin'
2023-04-11 14:43:10,706 INFO o.a.j.s.FileServer: Set new base='F:\New_Version\apache-jmeter-5.5\bin\SCRIPTS\WebTours'
2023-04-11 14:43:10,959 INFO o.a.j.s.SaveService: Testplan (JMX) version: 2.2. Testlog (JTL) version: 2.2
2023-04-11 14:43:11,001 INFO o.a.j.s.SaveService: Using SaveService properties version 5.0
2023-04-11 14:43:11,004 INFO o.a.j.s.SaveService: Using SaveService properties file encoding UTF-8
2023-04-11 14:43:11,008 INFO o.a.j.s.SaveService: Loading file: F:\New_Version\apache-jmeter-5.5\bin\SCRIPTS\WebTours\UserRegestration.jmx
2023-04-11 14:43:11,196 INFO o.a.j.p.h.c.CookieManager: Settings: Delete null: true Check: true Allow variable: true Save: false Prefix: COOKIE_
2023-04-11 14:43:11,231 INFO o.a.j.p.h.s.HTTPSamplerBase: Parser for text/html is org.apache.jmeter.protocol.http.parser.LagartoBasedHtmlParser
2023-04-11 14:43:11,231 INFO o.a.j.p.h.s.HTTPSamplerBase: Parser for application/xhtml+xml is org.apache.jmeter.protocol.http.parser.LagartoBasedHtmlParser
2023-04-11 14:43:11,231 INFO o.a.j.p.h.s.HTTPSamplerBase: Parser for application/xml is org.apache.jmeter.protocol.http.parser.LagartoBasedHtmlParser
2023-04-11 14:43:11,231 INFO o.a.j.p.h.s.HTTPSamplerBase: Parser for text/xml is org.apache.jmeter.protocol.http.parser.LagartoBasedHtmlParser
2023-04-11 14:43:11,231 INFO o.a.j.p.h.s.HTTPSamplerBase: Parser for text/vnd.wap.wml is org.apache.jmeter.protocol.http.parser.RegexpHTMLParser
2023-04-11 14:43:11,231 INFO o.a.j.p.h.s.HTTPSamplerBase: Parser for text/css is org.apache.jmeter.protocol.http.parser.CssParser
2023-04-11 14:43:11,629 INFO o.a.j.e.KeyToolUtils: keytool found at 'keytool'
2023-04-11 14:43:11,629 INFO o.a.j.p.h.p.ProxyControl: HTTP(S) Test Script Recorder SSL Proxy will use keys that support embedded 3rd party resources in file F:\New_Version\apache-jmeter-5.5\bin\proxyserver.jks
2023-04-11 14:43:11,669 INFO o.a.j.JMeter: Creating summariser <summary>
2023-04-11 14:43:11,702 INFO o.a.j.e.StandardJMeterEngine: Running the test!
2023-04-11 14:43:11,705 INFO o.a.j.s.SampleEvent: List of sample_variables: []
2023-04-11 14:43:11,705 INFO o.a.j.s.SampleEvent: List of sample_variables: []
2023-04-11 14:43:11,716 INFO o.a.j.e.u.CompoundVariable: Note: Function class names must contain the string: '.functions.'
2023-04-11 14:43:11,716 INFO o.a.j.e.u.CompoundVariable: Note: Function class names must not contain the string: '.gui.'
2023-04-11 14:43:11,915 INFO o.a.j.JMeter: Running test (1681204391915)
2023-04-11 14:43:11,957 INFO o.a.j.e.StandardJMeterEngine: Starting ThreadGroup: 1 : Thread Group
2023-04-11 14:43:11,957 INFO o.a.j.e.StandardJMeterEngine: Starting 1 threads for group Thread Group.
2023-04-11 14:43:11,957 INFO o.a.j.e.StandardJMeterEngine: Thread will continue on error
2023-04-11 14:43:11,958 INFO o.a.j.t.ThreadGroup: Starting thread group... number=1 threads=1 ramp-up=1 delayedStart=false
2023-04-11 14:43:11,972 INFO o.a.j.t.ThreadGroup: Started thread group number 1
2023-04-11 14:43:11,972 INFO o.a.j.e.StandardJMeterEngine: All thread groups have been started
2023-04-11 14:43:11,977 INFO o.a.j.s.SampleResult: Note: Sample TimeStamps are START times
2023-04-11 14:43:11,978 INFO o.a.j.s.SampleResult: sampleresult.default.encoding is set to ISO-8859-1
2023-04-11 14:43:11,978 INFO o.a.j.s.SampleResult: sampleresult.useNanoTime=true
2023-04-11 14:43:11,978 INFO o.a.j.s.SampleResult: sampleresult.nanoThreadSleep=5000
2023-04-11 14:43:12,064 INFO o.a.j.t.JMeterThread: Thread started: Thread Group 1-1
2023-04-11 14:43:12,065 INFO o.a.j.s.FileServer: Stored: F:/New_Version/apache-jmeter-5.5/bin/SCRIPTS/WebTours/UssrCredentials.csv
2023-04-11 14:43:12,106 INFO o.a.j.p.h.s.HTTPHCAbstractImpl: Local host = DESKTOP-90O1LSF
2023-04-11 14:43:12,119 INFO o.a.j.p.h.s.HTTPHC4Impl: HTTP request retry count = 0
2023-04-11 14:43:47,504 INFO o.a.j.t.JMeterThread: Thread is done: Thread Group 1-1
2023-04-11 14:43:47,504 INFO o.a.j.t.JMeterThread: Thread finished: Thread Group 1-1
2023-04-11 14:43:47,507 INFO o.a.j.e.StandardJMeterEngine: Notifying test listeners of end of test
2023-04-11 14:43:47,508 INFO o.a.j.s.FileServer: Close: F:/New_Version/apache-jmeter-5.5/bin/SCRIPTS/WebTours/UssrCredentials.csv
2023-04-11 14:43:47,638 INFO o.a.j.r.Summariser: summary =      0 in 00:00:00 = ******/s Avg:     0 Min: 9223372036854775807 Max: -9223372036854775808 Err:     0 (0.00%)
